Arguments: 
  /home/wolfv/miniconda3/envs/jlab/bin/node /home/wolfv/miniconda3/envs/jlab/lib/python3.7/site-packages/jupyterlab/staging/yarn.js add @jupyterlab/notebook --save

PATH: 
  /home/wolfv/miniconda3/envs/jlab/bin:/home/wolfv/Programs/mamba/bin:/home/wolfv/.cargo/bin:/home/wolfv/miniconda3/condabin:/home/wolfv/.local/bin:/home/wolfv/bin:/home/wolfv/.cargo/bin:/usr/share/Modules/bin:/usr/local/bin:/usr/local/sbin:/usr/bin:/usr/sbin:/home/wolfv/.dotnet/tools:/home/wolfv/.dotnet/tools

Yarn version: 
  1.21.1

Node version: 
  14.2.0

Platform: 
  linux x64

Trace: 
  SyntaxError: /home/wolfv/Programs/jlab-ros/package.json: Unexpected token } in JSON at position 1015
      at JSON.parse (<anonymous>)
      at /home/wolfv/miniconda3/envs/jlab/lib/python3.7/site-packages/jupyterlab/staging/yarn.js:1098:57
      at Generator.next (<anonymous>)
      at step (/home/wolfv/miniconda3/envs/jlab/lib/python3.7/site-packages/jupyterlab/staging/yarn.js:310:30)
      at /home/wolfv/miniconda3/envs/jlab/lib/python3.7/site-packages/jupyterlab/staging/yarn.js:321:13

npm manifest: 
  {
    "name": "jlab-ros",
    "version": "0.1.0",
    "description": "A JupyterLab extension.",
    "keywords": [
      "jupyter",
      "jupyterlab",
      "jupyterlab-extension"
    ],
    "homepage": "https://github.com/my_name/myextension",
    "bugs": {
      "url": "https://github.com/my_name/myextension/issues"
    },
    "license": "BSD-3-Clause",
    "author": "QuantStack",
    "files": [
      "lib/**/*.{d.ts,eot,gif,html,jpg,js,js.map,json,png,svg,woff2,ttf}",
      "style/**/*.{css,eot,gif,html,jpg,json,png,svg,woff2,ttf}"
    ],
    "main": "lib/index.js",
    "types": "lib/index.d.ts",
    "style": "style/index.css",
    "repository": {
      "type": "git",
      "url": "https://github.com/my_name/myextension.git"
    },
    "scripts": { 
      "build": "tsc",
      "clean": "rimraf lib tsconfig.tsbuildinfo", 
      "eslint": "eslint . --ext .ts,.tsx --fix",
      "eslint:check": "eslint . --ext .ts,.tsx",
      "prepare": "jlpm run clean && jlpm run build",
      "watch": "tsc -w"
    },
    "dependencies": {
      "@jupyterlab/application": "^2.0.0",
    },
    "devDependencies": {
      "@typescript-eslint/eslint-plugin": "^2.25.0",
      "@typescript-eslint/parser": "^2.25.0",
      "eslint": "^6.8.0",
      "eslint-config-prettier": "^6.10.1",
      "eslint-plugin-prettier": "^3.1.2", 
      "prettier": "1.16.4",
      "rimraf": "^2.6.1",
      "typescript": "~3.7.0"
    },
    "sideEffects": [
      "style/*.css"
    ],
    "jupyterlab": { 
      "extension": true
    }
  }

yarn manifest: 
  No manifest

Lockfile: 
  No lockfile
